[0m15:46:01.622822 [debug] [MainThread]: Sending event: {'category': 'dbt', 'action': 'invocation', 'label': 'start', 'context': [<snowplow_tracker.self_describing_json.SelfDescribingJson object at 0x00000205284868C0>, <snowplow_tracker.self_describing_json.SelfDescribingJson object at 0x000002052ABA39A0>, <snowplow_tracker.self_describing_json.SelfDescribingJson object at 0x000002052ABA3730>]}


============================== 15:46:01.632819 | 58409f63-7d78-4a17-98d5-c2259fe822ee ==============================
[0m15:46:01.632819 [info ] [MainThread]: Running with dbt=1.8.2
[0m15:46:01.635823 [debug] [MainThread]: running dbt with arguments {'printer_width': '80', 'indirect_selection': 'eager', 'log_cache_events': 'False', 'write_json': 'True', 'partial_parse': 'True', 'cache_selected_only': 'False', 'warn_error': 'None', 'fail_fast': 'False', 'version_check': 'True', 'log_path': 'logs', 'profiles_dir': 'C:\\Users\\hever\\.dbt', 'debug': 'False', 'use_colors': 'True', 'use_experimental_parser': 'False', 'no_print': 'None', 'quiet': 'False', 'warn_error_options': 'WarnErrorOptions(include=[], exclude=[])', 'invocation_command': 'dbt init', 'log_format': 'default', 'static_parser': 'True', 'target_path': 'None', 'introspect': 'True', 'send_anonymous_usage_stats': 'True'}
[0m15:46:27.512745 [debug] [MainThread]: Starter project path: C:\myprojects\dataengineering\dw_do_zero\.venv\lib\site-packages\dbt\include\starter_project
[0m15:46:27.562728 [info ] [MainThread]: 
Your new dbt project "datawarehouse" was created!

For more information on how to configure the profiles.yml file,
please consult the dbt documentation here:

  https://docs.getdbt.com/docs/configure-your-profile

One more thing:

Need help? Don't hesitate to reach out to us via GitHub issues or on Slack:

  https://community.getdbt.com/

Happy modeling!

[0m15:46:27.566729 [info ] [MainThread]: Setting up your profile.
[0m15:47:31.545317 [info ] [MainThread]: Profile datawarehouse written to C:\Users\hever\.dbt\profiles.yml using target's profile_template.yml and your supplied values. Run 'dbt debug' to validate the connection.
[0m15:47:31.550320 [debug] [MainThread]: Command `dbt init` succeeded at 15:47:31.549321 after 90.16 seconds
[0m15:47:31.552319 [debug] [MainThread]: Sending event: {'category': 'dbt', 'action': 'invocation', 'label': 'end', 'context': [<snowplow_tracker.self_describing_json.SelfDescribingJson object at 0x00000205284868C0>, <snowplow_tracker.self_describing_json.SelfDescribingJson object at 0x000002052A19E4A0>, <snowplow_tracker.self_describing_json.SelfDescribingJson object at 0x0000020527FF5C30>]}
[0m15:47:31.554321 [debug] [MainThread]: Flushing usage events
[0m15:47:41.882903 [debug] [MainThread]: Error sending anonymous usage statistics. Disabling tracking for this execution. If you wish to permanently disable tracking, see: https://docs.getdbt.com/reference/global-configs#send-anonymous-usage-stats.
[0m15:48:01.896622 [debug] [MainThread]: Sending event: {'category': 'dbt', 'action': 'invocation', 'label': 'start', 'context': [<snowplow_tracker.self_describing_json.SelfDescribingJson object at 0x000001F140226860>, <snowplow_tracker.self_describing_json.SelfDescribingJson object at 0x000001F1429724D0>, <snowplow_tracker.self_describing_json.SelfDescribingJson object at 0x000001F1429728F0>]}


============================== 15:48:01.907621 | 5770786c-86df-4f65-8088-a9d51c10f14a ==============================
[0m15:48:01.907621 [info ] [MainThread]: Running with dbt=1.8.2
[0m15:48:01.909626 [debug] [MainThread]: running dbt with arguments {'printer_width': '80', 'indirect_selection': 'eager', 'log_cache_events': 'False', 'write_json': 'True', 'partial_parse': 'True', 'cache_selected_only': 'False', 'warn_error': 'None', 'fail_fast': 'False', 'profiles_dir': 'C:\\Users\\hever\\.dbt', 'log_path': 'logs', 'version_check': 'True', 'debug': 'False', 'use_colors': 'True', 'use_experimental_parser': 'False', 'no_print': 'None', 'quiet': 'False', 'warn_error_options': 'WarnErrorOptions(include=[], exclude=[])', 'invocation_command': 'dbt debug', 'log_format': 'default', 'introspect': 'True', 'target_path': 'None', 'static_parser': 'True', 'send_anonymous_usage_stats': 'True'}
[0m15:48:01.967626 [info ] [MainThread]: dbt version: 1.8.2
[0m15:48:01.969628 [info ] [MainThread]: python version: 3.10.11
[0m15:48:01.971631 [info ] [MainThread]: python path: C:\myprojects\dataengineering\dw_do_zero\.venv\Scripts\python.exe
[0m15:48:01.974627 [info ] [MainThread]: os info: Windows-10-10.0.19045-SP0
[0m15:48:02.133638 [info ] [MainThread]: Using profiles dir at C:\Users\hever\.dbt
[0m15:48:02.136645 [info ] [MainThread]: Using profiles.yml file at C:\Users\hever\.dbt\profiles.yml
[0m15:48:02.138641 [info ] [MainThread]: Using dbt_project.yml file at C:\myprojects\dataengineering\dw_do_zero\dbt_project.yml
[0m15:48:02.141641 [info ] [MainThread]: adapter type: postgres
[0m15:48:02.143641 [info ] [MainThread]: adapter version: 1.8.1
[0m15:48:02.146641 [info ] [MainThread]: Configuration:
[0m15:48:02.148644 [info ] [MainThread]:   profiles.yml file [[32mOK found and valid[0m]
[0m15:48:02.150643 [info ] [MainThread]:   dbt_project.yml file [[31mERROR not found[0m]
[0m15:48:02.152645 [info ] [MainThread]: Required dependencies:
[0m15:48:02.155644 [debug] [MainThread]: Executing "git --help"
[0m15:48:02.215502 [debug] [MainThread]: STDOUT: "b"usage: git [-v | --version] [-h | --help] [-C <path>] [-c <name>=<value>]\n           [--exec-path[=<path>]] [--html-path] [--man-path] [--info-path]\n           [-p | --paginate | -P | --no-pager] [--no-replace-objects] [--bare]\n           [--git-dir=<path>] [--work-tree=<path>] [--namespace=<name>]\n           [--config-env=<name>=<envvar>] <command> [<args>]\n\nThese are common Git commands used in various situations:\n\nstart a working area (see also: git help tutorial)\n   clone     Clone a repository into a new directory\n   init      Create an empty Git repository or reinitialize an existing one\n\nwork on the current change (see also: git help everyday)\n   add       Add file contents to the index\n   mv        Move or rename a file, a directory, or a symlink\n   restore   Restore working tree files\n   rm        Remove files from the working tree and from the index\n\nexamine the history and state (see also: git help revisions)\n   bisect    Use binary search to find the commit that introduced a bug\n   diff      Show changes between commits, commit and working tree, etc\n   grep      Print lines matching a pattern\n   log       Show commit logs\n   show      Show various types of objects\n   status    Show the working tree status\n\ngrow, mark and tweak your common history\n   branch    List, create, or delete branches\n   commit    Record changes to the repository\n   merge     Join two or more development histories together\n   rebase    Reapply commits on top of another base tip\n   reset     Reset current HEAD to the specified state\n   switch    Switch branches\n   tag       Create, list, delete or verify a tag object signed with GPG\n\ncollaborate (see also: git help workflows)\n   fetch     Download objects and refs from another repository\n   pull      Fetch from and integrate with another repository or a local branch\n   push      Update remote refs along with associated objects\n\n'git help -a' and 'git help -g' list available subcommands and some\nconcept guides. See 'git help <command>' or 'git help <concept>'\nto read about a specific subcommand or concept.\nSee 'git help git' for an overview of the system.\n""
[0m15:48:02.217502 [debug] [MainThread]: STDERR: "b''"
[0m15:48:02.220504 [info ] [MainThread]:  - git [[32mOK found[0m]

[0m15:48:02.224504 [info ] [MainThread]: Connection:
[0m15:48:02.226502 [info ] [MainThread]:   host: dpg-cpo239g8fa8c73b9nql0-a.oregon-postgres.render.com
[0m15:48:02.228505 [info ] [MainThread]:   port: 5432
[0m15:48:02.230504 [info ] [MainThread]:   user: postgres123
[0m15:48:02.232504 [info ] [MainThread]:   database: dbsales_8w4w
[0m15:48:02.234505 [info ] [MainThread]:   schema: public
[0m15:48:02.236506 [info ] [MainThread]:   connect_timeout: 10
[0m15:48:02.239504 [info ] [MainThread]:   role: None
[0m15:48:02.241505 [info ] [MainThread]:   search_path: None
[0m15:48:02.244506 [info ] [MainThread]:   keepalives_idle: 0
[0m15:48:02.247507 [info ] [MainThread]:   sslmode: None
[0m15:48:02.251507 [info ] [MainThread]:   sslcert: None
[0m15:48:02.264510 [info ] [MainThread]:   sslkey: None
[0m15:48:02.278509 [info ] [MainThread]:   sslrootcert: None
[0m15:48:02.282511 [info ] [MainThread]:   application_name: dbt
[0m15:48:02.290511 [info ] [MainThread]:   retries: 1
[0m15:48:02.300512 [info ] [MainThread]: Registered adapter: postgres=1.8.1
[0m15:48:02.321511 [debug] [MainThread]: Acquiring new postgres connection 'debug'
[0m15:48:06.880552 [debug] [MainThread]: Using postgres connection "debug"
[0m15:48:06.881551 [debug] [MainThread]: On debug: select 1 as id
[0m15:48:06.883552 [debug] [MainThread]: Opening a new connection, currently in state init
[0m15:48:08.795693 [debug] [MainThread]: SQL status: SELECT 1 in 2.0 seconds
[0m15:48:08.799694 [debug] [MainThread]: On debug: Close
[0m15:48:08.802239 [info ] [MainThread]:   Connection test: [[32mOK connection ok[0m]

[0m15:48:08.806236 [info ] [MainThread]: [31m1 check failed:[0m
[0m15:48:08.809236 [info ] [MainThread]: Project loading failed for the following reason:
 project path <C:\myprojects\dataengineering\dw_do_zero\dbt_project.yml> not found

[0m15:48:08.816237 [debug] [MainThread]: Command `dbt debug` failed at 15:48:08.815237 after 7.15 seconds
[0m15:48:08.819238 [debug] [MainThread]: Connection 'debug' was properly closed.
[0m15:48:08.822237 [debug] [MainThread]: Sending event: {'category': 'dbt', 'action': 'invocation', 'label': 'end', 'context': [<snowplow_tracker.self_describing_json.SelfDescribingJson object at 0x000001F140226860>, <snowplow_tracker.self_describing_json.SelfDescribingJson object at 0x000001F13FDF1870>, <snowplow_tracker.self_describing_json.SelfDescribingJson object at 0x000001F13FDF0940>]}
[0m15:48:08.824238 [debug] [MainThread]: Flushing usage events
